u:\cpsc585\cpsc585g3\thunderbowl\x64\debug\tmp\vc140.pdb
u:\cpsc585\cpsc585g3\thunderbowl\x64\debug\tmp\vc140.idb
u:\cpsc585\cpsc585g3\thunderbowl\x64\debug\tmp\buttoncode.obj
u:\cpsc585\cpsc585g3\thunderbowl\x64\debug\tmp\camera.obj
u:\cpsc585\cpsc585g3\thunderbowl\x64\debug\tmp\component.obj
u:\cpsc585\cpsc585g3\thunderbowl\x64\debug\tmp\gameobject.obj
u:\cpsc585\cpsc585g3\thunderbowl\x64\debug\tmp\geogenerator.obj
u:\cpsc585\cpsc585g3\thunderbowl\x64\debug\tmp\input.obj
u:\cpsc585\cpsc585g3\thunderbowl\x64\debug\tmp\main.obj
u:\cpsc585\cpsc585g3\thunderbowl\x64\debug\tmp\mathf.obj
u:\cpsc585\cpsc585g3\thunderbowl\x64\debug\tmp\random.obj
u:\cpsc585\cpsc585g3\thunderbowl\x64\debug\tmp\renderer.obj
u:\cpsc585\cpsc585g3\thunderbowl\x64\debug\tmp\rendererutility.obj
u:\cpsc585\cpsc585g3\thunderbowl\x64\debug\tmp\transform.obj
u:\cpsc585\cpsc585g3\thunderbowl\x64\debug\tmp\game.obj
u:\cpsc585\cpsc585g3\thunderbowl\x64\debug\tmp\loader.obj
u:\cpsc585\cpsc585g3\thunderbowl\x64\debug\tmp\physics.obj
c:\cpsc585g3\thunderbowl\x64\debug\tmp\vc140.pdb
c:\cpsc585g3\thunderbowl\x64\debug\tmp\vc140.idb
c:\cpsc585g3\thunderbowl\x64\debug\tmp\buttoncode.obj
c:\cpsc585g3\thunderbowl\x64\debug\tmp\camera.obj
c:\cpsc585g3\thunderbowl\x64\debug\tmp\component.obj
c:\cpsc585g3\thunderbowl\x64\debug\tmp\game.obj
c:\cpsc585g3\thunderbowl\x64\debug\tmp\gameobject.obj
c:\cpsc585g3\thunderbowl\x64\debug\tmp\geogenerator.obj
c:\cpsc585g3\thunderbowl\x64\debug\tmp\input.obj
c:\cpsc585g3\thunderbowl\x64\debug\tmp\loader.obj
c:\cpsc585g3\thunderbowl\x64\debug\tmp\main.obj
c:\cpsc585g3\thunderbowl\x64\debug\tmp\mathf.obj
c:\cpsc585g3\thunderbowl\x64\debug\tmp\random.obj
c:\cpsc585g3\thunderbowl\x64\debug\tmp\renderer.obj
c:\cpsc585g3\thunderbowl\x64\debug\tmp\rendererutility.obj
c:\cpsc585g3\thunderbowl\x64\debug\tmp\transform.obj
c:\cpsc585g3\thunderbowl\x64\debug\tmp\floatcomponent.obj
c:\cpsc585g3\thunderbowl\x64\debug\tmp\rotatecomponent.obj
c:\cpsc585g3\thunderbowl\x64\debug\tmp\time.obj
c:\cpsc585g3\thunderbowl\x64\debug\tmp\vehiclecomponent.obj
c:\cpsc585g3\thunderbowl\x64\debug\tmp\physics.obj
u:\cpsc585\cpsc585g3\thunderbowl\x64\debug\thunderbowl.ilk
u:\cpsc585\cpsc585g3\thunderbowl\x64\debug\thunderbowl.exe
u:\cpsc585\cpsc585g3\thunderbowl\x64\debug\thunderbowl.pdb
c:\cpsc585g3\thunderbowl\x64\debug\thunderbowl.ilk
c:\cpsc585g3\thunderbowl\x64\debug\thunderbowl.exe
c:\cpsc585g3\thunderbowl\x64\debug\thunderbowl.pdb
c:\jameslatest\thunderbowl\x64\debug\tmp\thunderbowl.res
c:\cpsc585g3\thunderbowl\x64\debug\tmp\thunderbowl.res
c:\cpsc585g3\thunderbowl\x64\debug\tmp\loader.obj.enc
c:\cpsc585g3\thunderbowl\x64\debug\tmp\thunderbowl.tlog\cl.command.1.tlog
c:\cpsc585g3\thunderbowl\x64\debug\tmp\thunderbowl.tlog\cl.read.1.tlog
c:\cpsc585g3\thunderbowl\x64\debug\tmp\thunderbowl.tlog\cl.write.1.tlog
c:\cpsc585g3\thunderbowl\x64\debug\tmp\thunderbowl.tlog\link-cvtres.read.1.tlog
c:\cpsc585g3\thunderbowl\x64\debug\tmp\thunderbowl.tlog\link-cvtres.write.1.tlog
c:\cpsc585g3\thunderbowl\x64\debug\tmp\thunderbowl.tlog\link-rc.read.1.tlog
c:\cpsc585g3\thunderbowl\x64\debug\tmp\thunderbowl.tlog\link-rc.write.1.tlog
c:\cpsc585g3\thunderbowl\x64\debug\tmp\thunderbowl.tlog\link.command.1.tlog
c:\cpsc585g3\thunderbowl\x64\debug\tmp\thunderbowl.tlog\link.read.1.tlog
c:\cpsc585g3\thunderbowl\x64\debug\tmp\thunderbowl.tlog\link.write.1.tlog
c:\cpsc585g3\thunderbowl\x64\debug\tmp\thunderbowl.tlog\rc.command.1.tlog
c:\cpsc585g3\thunderbowl\x64\debug\tmp\thunderbowl.tlog\rc.read.1.tlog
c:\cpsc585g3\thunderbowl\x64\debug\tmp\thunderbowl.tlog\rc.write.1.tlog
