c:\physx-3.3-master\physxsdk\source\compiler\vc14win64\x64\physxextensions\debug\extcpuworkerthread.obj
c:\physx-3.3-master\physxsdk\source\compiler\vc14win64\x64\physxextensions\debug\extdefaultcpudispatcher.obj
c:\physx-3.3-master\physxsdk\source\compiler\vc14win64\x64\physxextensions\debug\extdistancejoint.obj
c:\physx-3.3-master\physxsdk\source\compiler\vc14win64\x64\physxextensions\debug\extprismaticjointsolverprep.obj
c:\physx-3.3-master\physxsdk\source\compiler\vc14win64\x64\physxextensions\debug\snbinarydeserialization.obj
c:\physx-3.3-master\physxsdk\source\compiler\vc14win64\x64\physxextensions\debug\snconvx_metadata.obj
c:\physx-3.3-master\physxsdk\source\compiler\vc14win64\x64\physxextensions\debug\snrepxupgrader.obj
c:\physx-3.3-master\physxsdk\source\compiler\vc14win64\x64\physxextensions\debug\snserializationregistry.obj
c:\physx-3.3-master\physxsdk\source\compiler\vc14win64\x64\physxextensions\debug\extbroadphase.obj
c:\physx-3.3-master\physxsdk\source\compiler\vc14win64\x64\physxextensions\debug\extd6jointsolverprep.obj
c:\physx-3.3-master\physxsdk\source\compiler\vc14win64\x64\physxextensions\debug\extparticleext.obj
c:\physx-3.3-master\physxsdk\source\compiler\vc14win64\x64\physxextensions\debug\extprismaticjoint.obj
c:\physx-3.3-master\physxsdk\source\compiler\vc14win64\x64\physxextensions\debug\extvisualdebugger.obj
c:\physx-3.3-master\physxsdk\source\compiler\vc14win64\x64\physxextensions\debug\extclothgeodesictethercooker.obj
c:\physx-3.3-master\physxsdk\source\compiler\vc14win64\x64\physxextensions\debug\extdefaultsimulationfiltershader.obj
c:\physx-3.3-master\physxsdk\source\compiler\vc14win64\x64\physxextensions\debug\extfixedjointsolverprep.obj
c:\physx-3.3-master\physxsdk\source\compiler\vc14win64\x64\physxextensions\debug\extrevolutejointsolverprep.obj
c:\physx-3.3-master\physxsdk\source\compiler\vc14win64\x64\physxextensions\debug\snconvx_align.obj
c:\physx-3.3-master\physxsdk\source\compiler\vc14win64\x64\physxextensions\debug\snconvx_output.obj
c:\physx-3.3-master\physxsdk\source\compiler\vc14win64\x64\physxextensions\debug\snjointrepxserializer.obj
c:\physx-3.3-master\physxsdk\source\compiler\vc14win64\x64\physxextensions\debug\extcollection.obj
c:\physx-3.3-master\physxsdk\source\compiler\vc14win64\x64\physxextensions\debug\extextensions.obj
c:\physx-3.3-master\physxsdk\source\compiler\vc14win64\x64\physxextensions\debug\snconvx_convert.obj
c:\physx-3.3-master\physxsdk\source\compiler\vc14win64\x64\physxextensions\debug\snrepxcoreserializer.obj
c:\physx-3.3-master\physxsdk\source\compiler\vc14win64\x64\physxextensions\debug\extclothsimpletethercooker.obj
c:\physx-3.3-master\physxsdk\source\compiler\vc14win64\x64\physxextensions\debug\extdefaultbufferedprofiler.obj
c:\physx-3.3-master\physxsdk\source\compiler\vc14win64\x64\physxextensions\debug\extjoint.obj
c:\physx-3.3-master\physxsdk\source\compiler\vc14win64\x64\physxextensions\debug\extsmoothnormals.obj
c:\physx-3.3-master\physxsdk\source\compiler\vc14win64\x64\physxextensions\debug\extsphericaljoint.obj
c:\physx-3.3-master\physxsdk\source\compiler\vc14win64\x64\physxextensions\debug\snserialutils.obj
c:\physx-3.3-master\physxsdk\source\compiler\vc14win64\x64\physxextensions\debug\extclothfabriccooker.obj
c:\physx-3.3-master\physxsdk\source\compiler\vc14win64\x64\physxextensions\debug\extdistancejointsolverprep.obj
c:\physx-3.3-master\physxsdk\source\compiler\vc14win64\x64\physxextensions\debug\extpvdclientimpl.obj
c:\physx-3.3-master\physxsdk\source\compiler\vc14win64\x64\physxextensions\debug\extrevolutejoint.obj
c:\physx-3.3-master\physxsdk\source\compiler\vc14win64\x64\physxextensions\debug\snconvx.obj
c:\physx-3.3-master\physxsdk\source\compiler\vc14win64\x64\physxextensions\debug\snconvx_union.obj
c:\physx-3.3-master\physxsdk\source\compiler\vc14win64\x64\physxextensions\debug\snxmlserialization.obj
c:\physx-3.3-master\physxsdk\source\compiler\vc14win64\x64\physxextensions\debug\extclothmeshquadifier.obj
c:\physx-3.3-master\physxsdk\source\compiler\vc14win64\x64\physxextensions\debug\extdefaulterrorcallback.obj
c:\physx-3.3-master\physxsdk\source\compiler\vc14win64\x64\physxextensions\debug\extdefaultstreams.obj
c:\physx-3.3-master\physxsdk\source\compiler\vc14win64\x64\physxextensions\debug\extfixedjoint.obj
c:\physx-3.3-master\physxsdk\source\compiler\vc14win64\x64\physxextensions\debug\extpxstringtable.obj
c:\physx-3.3-master\physxsdk\source\compiler\vc14win64\x64\physxextensions\debug\extrigidbodyext.obj
c:\physx-3.3-master\physxsdk\source\compiler\vc14win64\x64\physxextensions\debug\extsimplefactory.obj
c:\physx-3.3-master\physxsdk\source\compiler\vc14win64\x64\physxextensions\debug\extsphericaljointsolverprep.obj
c:\physx-3.3-master\physxsdk\source\compiler\vc14win64\x64\physxextensions\debug\pxextensionautogeneratedmetadataobjects.obj
c:\physx-3.3-master\physxsdk\source\compiler\vc14win64\x64\physxextensions\debug\extd6joint.obj
c:\physx-3.3-master\physxsdk\source\compiler\vc14win64\x64\physxextensions\debug\extmetadata.obj
c:\physx-3.3-master\physxsdk\source\compiler\vc14win64\x64\physxextensions\debug\exttrianglemeshext.obj
c:\physx-3.3-master\physxsdk\source\compiler\vc14win64\x64\physxextensions\debug\snbinaryserialization.obj
c:\physx-3.3-master\physxsdk\source\compiler\vc14win64\x64\physxextensions\debug\snconvx_error.obj
c:\physx-3.3-master\physxsdk\source\compiler\vc14win64\x64\physxextensions\debug\snserializationcontext.obj
c:\physx-3.3-master\physxsdk\source\compiler\vc14win64\x64\physxextensions\debug\snserialization.obj
c:\physx-3.3-master\physxsdk\lib\vc14win64\physx3extensionsdebug.pdb
c:\physx-3.3-master\physxsdk\lib\vc14win64\physx3extensionsdebug.lib
c:\physx-3.3-master\physxsdk\source\compiler\vc14win64\./../../../lib/vc14win64\physx3extensionsdebug.lib
c:\physx-3.3-master\physxsdk\source\compiler\vc14win64\x64\physxextensions\debug\physxextensions.tlog\cl.command.1.tlog
c:\physx-3.3-master\physxsdk\source\compiler\vc14win64\x64\physxextensions\debug\physxextensions.tlog\cl.read.1.tlog
c:\physx-3.3-master\physxsdk\source\compiler\vc14win64\x64\physxextensions\debug\physxextensions.tlog\cl.write.1.tlog
c:\physx-3.3-master\physxsdk\source\compiler\vc14win64\x64\physxextensions\debug\physxextensions.tlog\lib-link.read.1.tlog
c:\physx-3.3-master\physxsdk\source\compiler\vc14win64\x64\physxextensions\debug\physxextensions.tlog\lib-link.write.1.tlog
c:\physx-3.3-master\physxsdk\source\compiler\vc14win64\x64\physxextensions\debug\physxextensions.tlog\lib.command.1.tlog
