  ButtonCode.cpp
  Camera.cpp
Camera.cpp(9): warning C4305: '=': truncation from 'double' to 'float'
Camera.cpp(20): warning C4305: '=': truncation from 'double' to 'float'
Camera.cpp(150): warning C4305: 'argument': truncation from 'double' to 'float'
  Component.cpp
  Game.cpp
Game.cpp(19): warning C4018: '>': signed/unsigned mismatch
Game.cpp(113): warning C4267: '=': conversion from 'size_t' to 'int', possible loss of data
Game.cpp(119): warning C4267: '=': conversion from 'size_t' to 'int', possible loss of data
Game.cpp(125): warning C4267: '=': conversion from 'size_t' to 'int', possible loss of data
  GameObject.cpp
GameObject.cpp(16): warning C4305: '=': truncation from 'double' to 'float'
  GeoGenerator.cpp
GeoGenerator.cpp(8): warning C4244: 'initializing': conversion from 'int' to 'float', possible loss of data
GeoGenerator.cpp(86): warning C4267: 'argument': conversion from 'size_t' to 'unsigned int', possible loss of data
GeoGenerator.cpp(119): warning C4267: 'argument': conversion from 'size_t' to 'unsigned int', possible loss of data
GeoGenerator.cpp(126): warning C4267: '=': conversion from 'size_t' to 'GLsizei', possible loss of data
GeoGenerator.cpp(136): warning C4244: 'initializing': conversion from 'double' to 'float', possible loss of data
GeoGenerator.cpp(137): warning C4244: 'initializing': conversion from 'double' to 'float', possible loss of data
GeoGenerator.cpp(172): warning C4267: '=': conversion from 'size_t' to 'GLsizei', possible loss of data
GeoGenerator.cpp(261): warning C4267: '=': conversion from 'size_t' to 'GLsizei', possible loss of data
GeoGenerator.cpp(355): warning C4267: '=': conversion from 'size_t' to 'GLsizei', possible loss of data
GeoGenerator.cpp(394): warning C4267: '=': conversion from 'size_t' to 'GLsizei', possible loss of data
  Input.cpp
Input.cpp(29): warning C4804: '>': unsafe use of type 'bool' in operation
Input.cpp(39): warning C4804: '>': unsafe use of type 'bool' in operation
  main.cpp
main.cpp(118): warning C4267: 'initializing': conversion from 'size_t' to 'int', possible loss of data
main.cpp(122): warning C4267: 'initializing': conversion from 'size_t' to 'int', possible loss of data
main.cpp(126): warning C4267: 'initializing': conversion from 'size_t' to 'int', possible loss of data
  Mathf.cpp
Mathf.cpp(3): warning C4305: 'initializing': truncation from 'double' to 'float'
  Random.cpp
Random.cpp(11): warning C4244: 'return': conversion from 'double' to 'float', possible loss of data
Random.cpp(16): warning C4244: 'return': conversion from 'double' to 'float', possible loss of data
  Renderer.cpp
U:\CPSC585\CPSC585G3\middleware\stb/stb_image.h(219): warning C4068: unknown pragma
U:\CPSC585\CPSC585G3\middleware\stb/stb_image_write.h(222): warning C4996: 'fopen': This function or variable may be unsafe. Consider using fopen_s instead. To disable deprecation, use _CRT_SECURE_NO_WARNINGS. See online help for details.
  C:\Program Files (x86)\Windows Kits\10\Include\10.0.10240.0\ucrt\stdio.h(205): note: see declaration of 'fopen'
U:\CPSC585\CPSC585G3\middleware\stb/stb_image_write.h(616): warning C4996: 'sprintf': This function or variable may be unsafe. Consider using sprintf_s instead. To disable deprecation, use _CRT_SECURE_NO_WARNINGS. See online help for details.
  C:\Program Files (x86)\Windows Kits\10\Include\10.0.10240.0\ucrt\stdio.h(1769): note: see declaration of 'sprintf'
U:\CPSC585\CPSC585G3\middleware\stb/stb_image_write.h(998): warning C4996: 'fopen': This function or variable may be unsafe. Consider using fopen_s instead. To disable deprecation, use _CRT_SECURE_NO_WARNINGS. See online help for details.
  C:\Program Files (x86)\Windows Kits\10\Include\10.0.10240.0\ucrt\stdio.h(205): note: see declaration of 'fopen'
Renderer.cpp(115): warning C4101: 'loc': unreferenced local variable
Renderer.cpp(194): warning C4267: '=': conversion from 'size_t' to 'GLsizei', possible loss of data
Renderer.cpp(285): warning C4244: 'argument': conversion from 'GLuint' to 'GLfloat', possible loss of data
Renderer.cpp(308): warning C4267: '=': conversion from 'size_t' to 'GLsizei', possible loss of data
  RendererUtility.cpp
RendererUtility.cpp(139): warning C4267: 'argument': conversion from 'size_t' to 'GLsizei', possible loss of data
RendererUtility.cpp(169): warning C4267: 'argument': conversion from 'size_t' to 'GLsizei', possible loss of data
  Transform.cpp
LINK : warning LNK4075: ignoring '/INCREMENTAL' due to '/LTCG' specification
Game.obj : error LNK2001: unresolved external symbol SDL_MixAudio
main.obj : error LNK2001: unresolved external symbol glfwSwapBuffers
main.obj : error LNK2001: unresolved external symbol __imp_glEnable
main.obj : error LNK2001: unresolved external symbol glfwTerminate
main.obj : error LNK2001: unresolved external symbol glfwSetMouseButtonCallback
main.obj : error LNK2001: unresolved external symbol glfwPollEvents
main.obj : error LNK2001: unresolved external symbol glfwInit
main.obj : error LNK2001: unresolved external symbol glfwSetKeyCallback
main.obj : error LNK2001: unresolved external symbol glfwSetWindowShouldClose
main.obj : error LNK2001: unresolved external symbol glfwCreateWindow
main.obj : error LNK2001: unresolved external symbol glfwWindowHint
main.obj : error LNK2001: unresolved external symbol glfwMakeContextCurrent
main.obj : error LNK2001: unresolved external symbol glfwDestroyWindow
main.obj : error LNK2001: unresolved external symbol __imp_glewExperimental
main.obj : error LNK2001: unresolved external symbol glfwSetCursorPosCallback
main.obj : error LNK2001: unresolved external symbol glfwSetErrorCallback
main.obj : error LNK2001: unresolved external symbol glfwWindowShouldClose
main.obj : error LNK2001: unresolved external symbol __imp_glewInit
Renderer.obj : error LNK2001: unresolved external symbol __imp___glewEnableVertexAttribArray
Renderer.obj : error LNK2001: unresolved external symbol __imp___glewBindVertexArray
Renderer.obj : error LNK2001: unresolved external symbol __imp___glewUseProgram
Renderer.obj : error LNK2001: unresolved external symbol __imp___glewVertexAttribPointer
Renderer.obj : error LNK2001: unresolved external symbol __imp_glClear
Renderer.obj : error LNK2001: unresolved external symbol __imp___glewBindBuffer
Renderer.obj : error LNK2001: unresolved external symbol __imp___glewUniform2fv
Renderer.obj : error LNK2001: unresolved external symbol __imp_glBindTexture
Renderer.obj : error LNK2001: unresolved external symbol __imp_glGenTextures
Renderer.obj : error LNK2001: unresolved external symbol __imp___glewUniform1i
Renderer.obj : error LNK2001: unresolved external symbol __imp___glewUniform1f
Renderer.obj : error LNK2001: unresolved external symbol __imp___glewGetUniformLocation
Renderer.obj : error LNK2001: unresolved external symbol __imp___glewBufferData
Renderer.obj : error LNK2001: unresolved external symbol __imp_glTexParameteri
Renderer.obj : error LNK2001: unresolved external symbol __imp___glewActiveTexture
Renderer.obj : error LNK2001: unresolved external symbol __imp_glClearColor
Renderer.obj : error LNK2001: unresolved external symbol __imp___glewUniformMatrix4fv
Renderer.obj : error LNK2001: unresolved external symbol __imp_glTexImage2D
Renderer.obj : error LNK2001: unresolved external symbol __imp_glDrawElements
Renderer.obj : error LNK2001: unresolved external symbol __imp___glewGenerateMipmap
Renderer.obj : error LNK2001: unresolved external symbol __imp___glewUniform4fv
Renderer.obj : error LNK2001: unresolved external symbol __imp___glewUniform3fv
RendererUtility.obj : error LNK2001: unresolved external symbol __imp___glewGetShaderiv
RendererUtility.obj : error LNK2001: unresolved external symbol __imp___glewCompileShader
RendererUtility.obj : error LNK2001: unresolved external symbol __imp___glewCreateShader
RendererUtility.obj : error LNK2001: unresolved external symbol __imp___glewCreateProgram
RendererUtility.obj : error LNK2001: unresolved external symbol __imp___glewGetShaderInfoLog
RendererUtility.obj : error LNK2001: unresolved external symbol __imp___glewGetProgramiv
RendererUtility.obj : error LNK2001: unresolved external symbol __imp___glewAttachShader
RendererUtility.obj : error LNK2001: unresolved external symbol __imp___glewShaderSource
RendererUtility.obj : error LNK2001: unresolved external symbol __imp___glewGenVertexArrays
RendererUtility.obj : error LNK2001: unresolved external symbol __imp___glewGetProgramInfoLog
RendererUtility.obj : error LNK2001: unresolved external symbol __imp___glewGenBuffers
RendererUtility.obj : error LNK2001: unresolved external symbol __imp_glGetString
RendererUtility.obj : error LNK2001: unresolved external symbol __imp___glewLinkProgram
RendererUtility.obj : error LNK2001: unresolved external symbol __imp_glGetError
U:\CPSC585\CPSC585G3\ThunderBowl\x64\Release\ThunderBowl.exe : fatal error LNK1120: 54 unresolved externals
