  NpWindowsDelayLoadHook.cpp
  NpParticleFluid.cpp
  NpParticleSystem.cpp
  ScbActor.cpp
  ScbAggregate.cpp
  ScbBase.cpp
  ScbCloth.cpp
  ScbMetaData.cpp
..\..\PhysX\src\windows\NpWindowsDelayLoadHook.cpp(62): error C2373: '__pfnDliNotifyHook2': redefinition; different type modifiers
  C:\Program Files (x86)\Microsoft Visual Studio 14.0\VC\include\delayimp.h(134): note: see declaration of '__pfnDliNotifyHook2'
  ScbParticleSystem.cpp
  ScbScene.cpp
  ScbShape.cpp
  NpCloth.cpp
  NpClothFabric.cpp
  NpClothParticleData.cpp
  GrbEvents.cpp
  NpActor.cpp
  NpAggregate.cpp
  NpArticulation.cpp
  NpArticulationJoint.cpp
  NpArticulationLink.cpp
  NpBatchQuery.cpp
  NpConstraint.cpp
  NpFactory.cpp
  NpMaterial.cpp
  NpMetaData.cpp
  NpPhysics.cpp
  NpPvdSceneQueryCollector.cpp
  NpReadCheck.cpp
  NpRigidDynamic.cpp
  NpRigidStatic.cpp
  NpScene.cpp
  NpSceneQueries.cpp
  NpSerializerAdapter.cpp
  NpShape.cpp
  NpShapeManager.cpp
  NpSpatialIndex.cpp
  NpVolumeCache.cpp
  NpWriteCheck.cpp
  PxAutoGeneratedMetaDataObjects.cpp
  PxMetaDataObjects.cpp
