c:\cpsc585g3\thunderbowl\x64\release\tmp\vc140.pdb
c:\cpsc585g3\thunderbowl\x64\release\tmp\missilecomponent.obj
c:\cpsc585g3\thunderbowl\x64\release\tmp\machineguncomponent.obj
c:\cpsc585g3\thunderbowl\x64\release\tmp\aicontrolcomponent1.obj
c:\cpsc585g3\thunderbowl\x64\release\tmp\staticcomponent.obj
c:\cpsc585g3\thunderbowl\x64\release\tmp\rotatecomponent.obj
c:\cpsc585g3\thunderbowl\x64\release\tmp\renderer.obj
c:\cpsc585g3\thunderbowl\x64\release\tmp\powerupcomponent.obj
c:\cpsc585g3\thunderbowl\x64\release\tmp\playercomponent.obj
c:\cpsc585g3\thunderbowl\x64\release\tmp\particlesystem.obj
c:\cpsc585g3\thunderbowl\x64\release\tmp\missilelaunchercomponent.obj
c:\cpsc585g3\thunderbowl\x64\release\tmp\healthcomponent.obj
c:\cpsc585g3\thunderbowl\x64\release\tmp\gameobject.obj
c:\cpsc585g3\thunderbowl\x64\release\tmp\gamemanager.obj
c:\cpsc585g3\thunderbowl\x64\release\tmp\game.obj
c:\cpsc585g3\thunderbowl\x64\release\tmp\floatcomponent.obj
c:\cpsc585g3\thunderbowl\x64\release\tmp\flamethrowercomponent.obj
c:\cpsc585g3\thunderbowl\x64\release\tmp\enemycomponent.obj
c:\cpsc585g3\thunderbowl\x64\release\tmp\component.obj
c:\cpsc585g3\thunderbowl\x64\release\tmp\bulletcomponent.obj
c:\cpsc585g3\thunderbowl\x64\release\tmp\ainodecomponent.obj
c:\cpsc585g3\thunderbowl\x64\release\tmp\main.obj
c:\cpsc585g3\thunderbowl\x64\release\tmp\vehiclecomponent.obj
c:\cpsc585g3\thunderbowl\x64\release\tmp\mathf.obj
c:\cpsc585g3\thunderbowl\x64\release\tmp\loader.obj
c:\cpsc585g3\thunderbowl\x64\release\tmp\input.obj
c:\cpsc585g3\thunderbowl\x64\release\tmp\geogenerator.obj
c:\cpsc585g3\thunderbowl\x64\release\tmp\camera.obj
c:\cpsc585g3\thunderbowl\x64\release\tmp\buttoncode.obj
c:\cpsc585g3\thunderbowl\x64\release\tmp\audio.obj
c:\cpsc585g3\thunderbowl\x64\release\tmp\vehicleraycast.obj
c:\cpsc585g3\thunderbowl\x64\release\tmp\transform.obj
c:\cpsc585g3\thunderbowl\x64\release\tmp\time.obj
c:\cpsc585g3\thunderbowl\x64\release\tmp\rendererutility.obj
c:\cpsc585g3\thunderbowl\x64\release\tmp\random.obj
c:\cpsc585g3\thunderbowl\x64\release\tmp\puddlecomponent.obj
c:\cpsc585g3\thunderbowl\x64\release\tmp\physics.obj
c:\cpsc585g3\thunderbowl\x64\release\tmp\oceancomponent.obj
c:\cpsc585g3\thunderbowl\x64\release\thunderbowl.exe
c:\cpsc585g3\thunderbowl\x64\release\thunderbowl.ipdb
c:\cpsc585g3\thunderbowl\x64\release\thunderbowl.iobj
c:\cpsc585g3\thunderbowl\x64\release\thunderbowl.pdb
c:\cpsc585g3\thunderbowl\x64\release\tmp\thunderbowl.res
c:\cpsc585g3\thunderbowl\x64\release\tmp\thunderbowl.tlog\cl.command.1.tlog
c:\cpsc585g3\thunderbowl\x64\release\tmp\thunderbowl.tlog\cl.read.1.tlog
c:\cpsc585g3\thunderbowl\x64\release\tmp\thunderbowl.tlog\cl.write.1.tlog
c:\cpsc585g3\thunderbowl\x64\release\tmp\thunderbowl.tlog\link.command.1.tlog
c:\cpsc585g3\thunderbowl\x64\release\tmp\thunderbowl.tlog\link.read.1.tlog
c:\cpsc585g3\thunderbowl\x64\release\tmp\thunderbowl.tlog\link.write.1.tlog
c:\cpsc585g3\thunderbowl\x64\release\tmp\thunderbowl.tlog\rc.command.1.tlog
c:\cpsc585g3\thunderbowl\x64\release\tmp\thunderbowl.tlog\rc.read.1.tlog
c:\cpsc585g3\thunderbowl\x64\release\tmp\thunderbowl.tlog\rc.write.1.tlog
