  PxVehicleComponents.cpp
  PxVehicleDrive.cpp
  PxVehicleDrive4W.cpp
  PxVehicleDriveNW.cpp
  PxVehicleDriveTank.cpp
  PxVehicleMetaData.cpp
  PxVehicleNoDrive.cpp
  PxVehicleSDK.cpp
  PxVehicleSerialization.cpp
  PxVehicleSuspWheelTire4.cpp
  PxVehicleTireFriction.cpp
  PxVehicleUpdate.cpp
  PxVehicleWheels.cpp
  VehicleUtilControl.cpp
  VehicleUtilSetup.cpp
  VehicleUtilTelemetry.cpp
  PxVehicleAutoGeneratedMetaDataObjects.cpp
  PxVehicleMetaDataObjects.cpp
LINK : warning LNK4044: unrecognized option '/INCREMENTAL:NO'; ignored
  PhysXVehicle.vcxproj -> C:\PhysX-3.3-master\PhysX-3.3-master\PhysXSDK\Source\compiler\vc14win64\./../../../Lib/vc14win64\PhysX3Vehicle.lib
