c:\physx-3.3-master\physxsdk\source\compiler\vc14win64\x64\lowlevelcloth\debug\swcollision.obj
c:\physx-3.3-master\physxsdk\source\compiler\vc14win64\x64\lowlevelcloth\debug\swfabric.obj
c:\physx-3.3-master\physxsdk\source\compiler\vc14win64\x64\lowlevelcloth\debug\swsolverkernel.obj
c:\physx-3.3-master\physxsdk\source\compiler\vc14win64\x64\lowlevelcloth\debug\factory.obj
c:\physx-3.3-master\physxsdk\source\compiler\vc14win64\x64\lowlevelcloth\debug\swsolver.obj
c:\physx-3.3-master\physxsdk\source\compiler\vc14win64\x64\lowlevelcloth\debug\swcloth.obj
c:\physx-3.3-master\physxsdk\source\compiler\vc14win64\x64\lowlevelcloth\debug\swfactory.obj
c:\physx-3.3-master\physxsdk\source\compiler\vc14win64\x64\lowlevelcloth\debug\swclothdata.obj
c:\physx-3.3-master\physxsdk\source\compiler\vc14win64\x64\lowlevelcloth\debug\tripletscheduler.obj
c:\physx-3.3-master\physxsdk\source\compiler\vc14win64\x64\lowlevelcloth\debug\allocator.obj
c:\physx-3.3-master\physxsdk\source\compiler\vc14win64\x64\lowlevelcloth\debug\swselfcollision.obj
c:\physx-3.3-master\physxsdk\source\compiler\vc14win64\x64\lowlevelcloth\debug\phaseconfig.obj
c:\physx-3.3-master\physxsdk\source\compiler\vc14win64\x64\lowlevelcloth\debug\swintercollision.obj
c:\physx-3.3-master\physxsdk\lib\vc14win64\lowlevelclothdebug.pdb
c:\physx-3.3-master\physxsdk\source\compiler\vc14win64\x64\lowlevelcloth\debug\avx\swsolveconstraints.obj
c:\physx-3.3-master\physxsdk\lib\vc14win64\lowlevelclothdebug.lib
c:\physx-3.3-master\physxsdk\source\compiler\vc14win64\./../../../lib/vc14win64\lowlevelclothdebug.lib
c:\physx-3.3-master\physxsdk\source\compiler\vc14win64\x64\lowlevelcloth\debug\lowlevelcloth.tlog\cl.command.1.tlog
c:\physx-3.3-master\physxsdk\source\compiler\vc14win64\x64\lowlevelcloth\debug\lowlevelcloth.tlog\cl.read.1.tlog
c:\physx-3.3-master\physxsdk\source\compiler\vc14win64\x64\lowlevelcloth\debug\lowlevelcloth.tlog\cl.write.1.tlog
c:\physx-3.3-master\physxsdk\source\compiler\vc14win64\x64\lowlevelcloth\debug\lowlevelcloth.tlog\custombuild.command.1.tlog
c:\physx-3.3-master\physxsdk\source\compiler\vc14win64\x64\lowlevelcloth\debug\lowlevelcloth.tlog\custombuild.read.1.tlog
c:\physx-3.3-master\physxsdk\source\compiler\vc14win64\x64\lowlevelcloth\debug\lowlevelcloth.tlog\custombuild.write.1.tlog
c:\physx-3.3-master\physxsdk\source\compiler\vc14win64\x64\lowlevelcloth\debug\lowlevelcloth.tlog\lib-link.read.1.tlog
c:\physx-3.3-master\physxsdk\source\compiler\vc14win64\x64\lowlevelcloth\debug\lowlevelcloth.tlog\lib-link.write.1.tlog
c:\physx-3.3-master\physxsdk\source\compiler\vc14win64\x64\lowlevelcloth\debug\lowlevelcloth.tlog\lib.command.1.tlog
