  Building ..\..\LowLevelCloth\src\avx\SwSolveConstraints.cpp
  Microsoft (R) C/C++ Optimizing Compiler Version 19.00.24215.1 for x64
  Copyright (C) Microsoft Corporation.  All rights reserved.
  
  SwSolveConstraints.cpp
  Allocator.cpp
  Factory.cpp
  PhaseConfig.cpp
  SwCloth.cpp
  SwClothData.cpp
  SwCollision.cpp
  SwFabric.cpp
  SwFactory.cpp
  SwInterCollision.cpp
  SwSelfCollision.cpp
  SwSolver.cpp
  SwSolverKernel.cpp
  TripletScheduler.cpp
<<<<<<< HEAD
  LowLevelCloth.vcxproj -> C:\PhysX-3.3-master\PhysX-3.3-master\PhysXSDK\Source\compiler\vc14win64\./../../../Lib/vc14win64\LowLevelClothDEBUG.lib
=======
  LowLevelCloth.vcxproj -> C:\PhysX-3.3-master\PhysXSDK\Source\compiler\vc14win64\./../../../Lib/vc14win64\LowLevelClothDEBUG.lib
>>>>>>> conlan
