  OGLRenderer.cpp
  OGLRendererDirectionalLight.cpp
  OGLRendererIndexBuffer.cpp
  OGLRendererInstanceBuffer.cpp
  OGLRendererMaterial.cpp
  OGLRendererMesh.cpp
  OGLRendererSpotLight.cpp
  OGLRendererTexture2D.cpp
  OGLRendererVertexBuffer.cpp
  D3D9Renderer.cpp
  D3D9RendererDirectionalLight.cpp
  D3D9RendererIndexBuffer.cpp
  D3D9RendererInstanceBuffer.cpp
  D3D9RendererMaterial.cpp
  D3D9RendererMesh.cpp
  D3D9RendererSpotLight.cpp
c:\cpsc585g3\middleware\physx-3.3-master\physxsdk\samples\sampleframework\renderer\src\d3d9\D3D9Renderer.h(28): fatal error C1083: Cannot open include file: 'd3dx9.h': No such file or directory (compiling source file ..\..\src\d3d9\D3D9Renderer.cpp)
c:\cpsc585g3\middleware\physx-3.3-master\physxsdk\samples\sampleframework\renderer\src\d3d9\D3D9Renderer.h(28): fatal error C1083: Cannot open include file: 'd3dx9.h': No such file or directory (compiling source file ..\..\src\d3d9\D3D9RendererDirectionalLight.cpp)
  D3D9RendererTarget.cpp
c:\cpsc585g3\middleware\physx-3.3-master\physxsdk\samples\sampleframework\renderer\src\d3d9\D3D9Renderer.h(28): fatal error C1083: Cannot open include file: 'd3dx9.h': No such file or directory (compiling source file ..\..\src\d3d9\D3D9RendererInstanceBuffer.cpp)
c:\cpsc585g3\middleware\physx-3.3-master\physxsdk\samples\sampleframework\renderer\src\d3d9\D3D9Renderer.h(28): fatal error C1083: Cannot open include file: 'd3dx9.h': No such file or directory (compiling source file ..\..\src\d3d9\D3D9RendererIndexBuffer.cpp)
  D3D9RendererTexture2D.cpp
c:\cpsc585g3\middleware\physx-3.3-master\physxsdk\samples\sampleframework\renderer\src\d3d9\D3D9Renderer.h(28): fatal error C1083: Cannot open include file: 'd3dx9.h': No such file or directory (compiling source file ..\..\src\d3d9\D3D9RendererMaterial.cpp)
  D3D9RendererVertexBuffer.cpp
  D3D9WPFRenderer.cpp
  D3D11Renderer.cpp
c:\cpsc585g3\middleware\physx-3.3-master\physxsdk\samples\sampleframework\renderer\src\d3d9\D3D9Renderer.h(28): fatal error C1083: Cannot open include file: 'd3dx9.h': No such file or directory (compiling source file ..\..\src\d3d9\D3D9RendererMesh.cpp)
  D3D11RendererDirectionalLight.cpp
c:\cpsc585g3\middleware\physx-3.3-master\physxsdk\samples\sampleframework\renderer\src\d3d9\D3D9Renderer.h(28): fatal error C1083: Cannot open include file: 'd3dx9.h': No such file or directory (compiling source file ..\..\src\d3d9\D3D9RendererSpotLight.cpp)
  D3D11RendererIndexBuffer.cpp
  D3D11RendererInstanceBuffer.cpp
c:\cpsc585g3\middleware\physx-3.3-master\physxsdk\samples\sampleframework\renderer\src\d3d9\D3D9Renderer.h(28): fatal error C1083: Cannot open include file: 'd3dx9.h': No such file or directory (compiling source file ..\..\src\d3d9\D3D9WPFRenderer.cpp)
c:\cpsc585g3\middleware\physx-3.3-master\physxsdk\samples\sampleframework\renderer\src\d3d9\D3D9Renderer.h(28): fatal error C1083: Cannot open include file: 'd3dx9.h': No such file or directory (compiling source file ..\..\src\d3d9\D3D9RendererTexture2D.cpp)
c:\cpsc585g3\middleware\physx-3.3-master\physxsdk\samples\sampleframework\renderer\src\d3d9\D3D9Renderer.h(28): fatal error C1083: Cannot open include file: 'd3dx9.h': No such file or directory (compiling source file ..\..\src\d3d9\D3D9RendererTarget.cpp)
  D3D11RendererMaterial.cpp
  D3D11RendererMesh.cpp
  D3D11RendererSpotLight.cpp
c:\cpsc585g3\middleware\physx-3.3-master\physxsdk\samples\sampleframework\renderer\src\d3d9\D3D9Renderer.h(28): fatal error C1083: Cannot open include file: 'd3dx9.h': No such file or directory (compiling source file ..\..\src\d3d9\D3D9RendererVertexBuffer.cpp)
  D3D11RendererTarget.cpp
c:\cpsc585g3\middleware\physx-3.3-master\physxsdk\samples\sampleframework\renderer\src\d3d11\D3D11RendererUtils.h(22): fatal error C1083: Cannot open include file: 'd3dx11tex.h': No such file or directory (compiling source file ..\..\src\d3d11\D3D11Renderer.cpp)
  D3D11RendererTexture2D.cpp
c:\cpsc585g3\middleware\physx-3.3-master\physxsdk\samples\sampleframework\renderer\src\d3d11\D3D11RendererUtils.h(22): fatal error C1083: Cannot open include file: 'd3dx11tex.h': No such file or directory (compiling source file ..\..\src\d3d11\D3D11RendererMaterial.cpp)
  D3D11RendererTexture3D.cpp
c:\cpsc585g3\middleware\physx-3.3-master\physxsdk\samples\sampleframework\renderer\src\d3d11\D3D11RendererUtils.h(22): fatal error C1083: Cannot open include file: 'd3dx11tex.h': No such file or directory (compiling source file ..\..\src\d3d11\D3D11RendererMesh.cpp)
  D3D11RendererUtils.cpp
  D3D11RendererVariableManager.cpp
  D3D11RendererVertexBuffer.cpp
  NULLRenderer.cpp
  NULLRendererDirectionalLight.cpp
  NULLRendererIndexBuffer.cpp
c:\cpsc585g3\middleware\physx-3.3-master\physxsdk\samples\sampleframework\renderer\src\d3d11\D3D11RendererUtils.h(22): fatal error C1083: Cannot open include file: 'd3dx11tex.h': No such file or directory (compiling source file ..\..\src\d3d11\D3D11RendererUtils.cpp)
  NULLRendererInstanceBuffer.cpp
  NULLRendererMaterial.cpp
c:\cpsc585g3\middleware\physx-3.3-master\physxsdk\samples\sampleframework\renderer\src\d3d11\D3D11RendererUtils.h(22): fatal error C1083: Cannot open include file: 'd3dx11tex.h': No such file or directory (compiling source file ..\..\src\d3d11\D3D11RendererVariableManager.cpp)
  NULLRendererMesh.cpp
  NULLRendererSpotLight.cpp
  NULLRendererTexture2D.cpp
  NULLRendererVertexBuffer.cpp
  Renderer.cpp
  RendererBoxShape.cpp
  RendererCapsuleShape.cpp
  RendererClothShape.cpp
  RendererColor.cpp
  RendererDesc.cpp
  RendererDirectionalLight.cpp
c:\cpsc585g3\middleware\physx-3.3-master\physxsdk\samples\sampleframework\renderer\src\d3d9/D3D9Renderer.h(28): fatal error C1083: Cannot open include file: 'd3dx9.h': No such file or directory (compiling source file ..\..\src\Renderer.cpp)
  RendererDirectionalLightDesc.cpp
  RendererGridShape.cpp
  RendererIndexBuffer.cpp
  RendererIndexBufferDesc.cpp
  RendererInstanceBuffer.cpp
  RendererInstanceBufferDesc.cpp
  RendererLight.cpp
  RendererLightDesc.cpp
  RendererMaterial.cpp
  RendererMaterialDesc.cpp
  RendererMaterialInstance.cpp
  RendererMesh.cpp
  RendererMeshContext.cpp
  RendererMeshDesc.cpp
  RendererMeshShape.cpp
  RendererParticleSystemShape.cpp
  RendererProjection.cpp
  RendererShape.cpp
  RendererSimpleParticleSystemShape.cpp
  RendererSpotLight.cpp
  RendererSpotLightDesc.cpp
  RendererTarget.cpp
  RendererTargetDesc.cpp
  RendererTerrainShape.cpp
  RendererTexture.cpp
  RendererTexture2D.cpp
  RendererTexture2DDesc.cpp
  RendererTextureDesc.cpp
  RendererVertexBuffer.cpp
  RendererVertexBufferDesc.cpp
  RendererWindow.cpp
