c:\cpsc 585 games\thunderbowl\debug\tmp\vc140.pdb
c:\cpsc 585 games\thunderbowl\debug\tmp\vc140.idb
c:\cpsc 585 games\thunderbowl\debug\tmp\buttoncode.obj
c:\cpsc 585 games\thunderbowl\debug\tmp\camera.obj
c:\cpsc 585 games\thunderbowl\debug\tmp\game.obj
c:\cpsc 585 games\thunderbowl\debug\tmp\gameobject.obj
c:\cpsc 585 games\thunderbowl\debug\tmp\geogenerator.obj
c:\cpsc 585 games\thunderbowl\debug\tmp\input.obj
c:\cpsc 585 games\thunderbowl\debug\tmp\main.obj
c:\cpsc 585 games\thunderbowl\debug\tmp\mathf.obj
c:\cpsc 585 games\thunderbowl\debug\tmp\random.obj
c:\cpsc 585 games\thunderbowl\debug\tmp\renderer.obj
c:\cpsc 585 games\thunderbowl\debug\tmp\rendererutility.obj
c:\cpsc 585 games\thunderbowl\debug\tmp\transform.obj
c:\cpsc 585 games\thunderbowl\debug\thunderbowl.ilk
c:\cpsc 585 games\thunderbowl\debug\thunderbowl.exe
c:\cpsc 585 games\thunderbowl\debug\thunderbowl.pdb
c:\cpsc 585 games\thunderbowl\debug\tmp\thunderbowl.tlog\cl.command.1.tlog
c:\cpsc 585 games\thunderbowl\debug\tmp\thunderbowl.tlog\cl.read.1.tlog
c:\cpsc 585 games\thunderbowl\debug\tmp\thunderbowl.tlog\cl.write.1.tlog
c:\cpsc 585 games\thunderbowl\debug\tmp\thunderbowl.tlog\link.command.1.tlog
c:\cpsc 585 games\thunderbowl\debug\tmp\thunderbowl.tlog\link.read.1.tlog
c:\cpsc 585 games\thunderbowl\debug\tmp\thunderbowl.tlog\link.write.1.tlog
