C:\Program Files (x86)\MSBuild\Microsoft.Cpp\v4.0\V140\Microsoft.CppBuild.targets(367,5): warning MSB8004: Intermediate Directory does not end with a trailing slash.  This build instance will add the slash as it is required to allow proper evaluation of the Intermediate Directory.
  Transform.cpp
c:\cpsc585g3\thunderbowl\commonincludes.h(15): fatal error C1083: Cannot open include file: 'GL/glew.h': No such file or directory
  RendererUtility.cpp
c:\cpsc585g3\thunderbowl\commonincludes.h(15): fatal error C1083: Cannot open include file: 'GL/glew.h': No such file or directory
  Renderer.cpp
c:\cpsc585g3\thunderbowl\commonincludes.h(15): fatal error C1083: Cannot open include file: 'GL/glew.h': No such file or directory
  Random.cpp
c:\cpsc585g3\thunderbowl\commonincludes.h(15): fatal error C1083: Cannot open include file: 'GL/glew.h': No such file or directory
  Physics.cpp
c:\cpsc585g3\thunderbowl\commonincludes.h(15): fatal error C1083: Cannot open include file: 'GL/glew.h': No such file or directory
  Mathf.cpp
c:\cpsc585g3\thunderbowl\mathf.cpp(3): warning C4305: 'initializing': truncation from 'double' to 'float'
  main.cpp
c:\cpsc585g3\thunderbowl\commonincludes.h(15): fatal error C1083: Cannot open include file: 'GL/glew.h': No such file or directory
  Loader.cpp
c:\cpsc585g3\thunderbowl\commonincludes.h(15): fatal error C1083: Cannot open include file: 'GL/glew.h': No such file or directory
  Input.cpp
c:\cpsc585g3\thunderbowl\commonincludes.h(15): fatal error C1083: Cannot open include file: 'GL/glew.h': No such file or directory
  GeoGenerator.cpp
c:\cpsc585g3\thunderbowl\commonincludes.h(15): fatal error C1083: Cannot open include file: 'GL/glew.h': No such file or directory
  GameObject.cpp
c:\cpsc585g3\thunderbowl\commonincludes.h(15): fatal error C1083: Cannot open include file: 'GL/glew.h': No such file or directory
  Game.cpp
c:\cpsc585g3\thunderbowl\commonincludes.h(15): fatal error C1083: Cannot open include file: 'GL/glew.h': No such file or directory
  Component.cpp
c:\cpsc585g3\thunderbowl\commonincludes.h(15): fatal error C1083: Cannot open include file: 'GL/glew.h': No such file or directory
  Camera.cpp
c:\cpsc585g3\thunderbowl\commonincludes.h(15): fatal error C1083: Cannot open include file: 'GL/glew.h': No such file or directory
  ButtonCode.cpp
  Generating Code...
