c:\physx-3.3-master\physxsdk\source\compiler\vc14win64\x64\physxcharacterkinematic\debug\cctcapsulecontroller.obj
c:\physx-3.3-master\physxsdk\source\compiler\vc14win64\x64\physxcharacterkinematic\debug\cctobstaclecontext.obj
c:\physx-3.3-master\physxsdk\source\compiler\vc14win64\x64\physxcharacterkinematic\debug\cctsweptvolume.obj
c:\physx-3.3-master\physxsdk\source\compiler\vc14win64\x64\physxcharacterkinematic\debug\cctcharactercontrollermanager.obj
c:\physx-3.3-master\physxsdk\source\compiler\vc14win64\x64\physxcharacterkinematic\debug\cctcharactercontroller.obj
c:\physx-3.3-master\physxsdk\source\compiler\vc14win64\x64\physxcharacterkinematic\debug\cctcharactercontrollercallbacks.obj
c:\physx-3.3-master\physxsdk\source\compiler\vc14win64\x64\physxcharacterkinematic\debug\cctsweptbox.obj
c:\physx-3.3-master\physxsdk\source\compiler\vc14win64\x64\physxcharacterkinematic\debug\cctsweptcapsule.obj
c:\physx-3.3-master\physxsdk\source\compiler\vc14win64\x64\physxcharacterkinematic\debug\cctboxcontroller.obj
c:\physx-3.3-master\physxsdk\source\compiler\vc14win64\x64\physxcharacterkinematic\debug\cctcontroller.obj
c:\physx-3.3-master\physxsdk\bin\vc14win64\physx3characterkinematicdebug_x64.pdb
c:\physx-3.3-master\physxsdk\bin\vc14win64\physx3characterkinematicdebug_x64.ilk
c:\physx-3.3-master\physxsdk\bin\vc14win64\physx3characterkinematicdebug_x64.dll
c:\physx-3.3-master\physxsdk\bin\vc14win64\physx3characterkinematicdebug_x64.map
c:\physx-3.3-master\physxsdk\lib\vc14win64\physx3characterkinematicdebug_x64.lib
c:\physx-3.3-master\physxsdk\lib\vc14win64\physx3characterkinematicdebug_x64.exp
c:\physx-3.3-master\physxsdk\source\compiler\vc14win64\x64\physxcharacterkinematic\debug\physx3characterkinematic.res
c:\physx-3.3-master\physxsdk\source\compiler\vc14win64\./../../../bin/vc14win64\physx3characterkinematicdebug_x64.dll
c:\physx-3.3-master\physxsdk\source\compiler\vc14win64\x64\physxcharacterkinematic\debug\physxcha.1e04f7a2.tlog\cl.command.1.tlog
c:\physx-3.3-master\physxsdk\source\compiler\vc14win64\x64\physxcharacterkinematic\debug\physxcha.1e04f7a2.tlog\cl.read.1.tlog
c:\physx-3.3-master\physxsdk\source\compiler\vc14win64\x64\physxcharacterkinematic\debug\physxcha.1e04f7a2.tlog\cl.write.1.tlog
c:\physx-3.3-master\physxsdk\source\compiler\vc14win64\x64\physxcharacterkinematic\debug\physxcha.1e04f7a2.tlog\link.command.1.tlog
c:\physx-3.3-master\physxsdk\source\compiler\vc14win64\x64\physxcharacterkinematic\debug\physxcha.1e04f7a2.tlog\link.read.1.tlog
c:\physx-3.3-master\physxsdk\source\compiler\vc14win64\x64\physxcharacterkinematic\debug\physxcha.1e04f7a2.tlog\link.write.1.tlog
c:\physx-3.3-master\physxsdk\source\compiler\vc14win64\x64\physxcharacterkinematic\debug\physxcha.1e04f7a2.tlog\physxcharacterkinematic.write.1u.tlog
c:\physx-3.3-master\physxsdk\source\compiler\vc14win64\x64\physxcharacterkinematic\debug\physxcha.1e04f7a2.tlog\rc.command.1.tlog
c:\physx-3.3-master\physxsdk\source\compiler\vc14win64\x64\physxcharacterkinematic\debug\physxcha.1e04f7a2.tlog\rc.read.1.tlog
c:\physx-3.3-master\physxsdk\source\compiler\vc14win64\x64\physxcharacterkinematic\debug\physxcha.1e04f7a2.tlog\rc.write.1.tlog
