c:\physx-3.3-master\physxsdk\source\compiler\vc14win64\x64\simulationcontroller\debug\scparticlepacketshape.obj
c:\physx-3.3-master\physxsdk\source\compiler\vc14win64\x64\simulationcontroller\debug\scactorinteraction.obj
c:\physx-3.3-master\physxsdk\source\compiler\vc14win64\x64\simulationcontroller\debug\scarticulationsim.obj
c:\physx-3.3-master\physxsdk\source\compiler\vc14win64\x64\simulationcontroller\debug\scelementinteractionmarker.obj
c:\physx-3.3-master\physxsdk\source\compiler\vc14win64\x64\simulationcontroller\debug\scphysics.obj
c:\physx-3.3-master\physxsdk\source\compiler\vc14win64\x64\simulationcontroller\debug\scshapesim.obj
c:\physx-3.3-master\physxsdk\source\compiler\vc14win64\x64\simulationcontroller\debug\scinteractionscene.obj
c:\physx-3.3-master\physxsdk\source\compiler\vc14win64\x64\simulationcontroller\debug\scactorpair.obj
c:\physx-3.3-master\physxsdk\source\compiler\vc14win64\x64\simulationcontroller\debug\scconstraintprojectionmanager.obj
c:\physx-3.3-master\physxsdk\source\compiler\vc14win64\x64\simulationcontroller\debug\scelementsim.obj
c:\physx-3.3-master\physxsdk\source\compiler\vc14win64\x64\simulationcontroller\debug\scrigidsim.obj
c:\physx-3.3-master\physxsdk\source\compiler\vc14win64\x64\simulationcontroller\debug\sctriggerinteraction.obj
c:\physx-3.3-master\physxsdk\source\compiler\vc14win64\x64\simulationcontroller\debug\scparticlesystemcore.obj
c:\physx-3.3-master\physxsdk\source\compiler\vc14win64\x64\simulationcontroller\debug\scactorcore.obj
c:\physx-3.3-master\physxsdk\source\compiler\vc14win64\x64\simulationcontroller\debug\scarticulationjointsim.obj
c:\physx-3.3-master\physxsdk\source\compiler\vc14win64\x64\simulationcontroller\debug\scconstraintprojectiontree.obj
c:\physx-3.3-master\physxsdk\source\compiler\vc14win64\x64\simulationcontroller\debug\scscene.obj
c:\physx-3.3-master\physxsdk\source\compiler\vc14win64\x64\simulationcontroller\debug\scparticlesystemsim.obj
c:\physx-3.3-master\physxsdk\source\compiler\vc14win64\x64\simulationcontroller\debug\scarticulationjointcore.obj
c:\physx-3.3-master\physxsdk\source\compiler\vc14win64\x64\simulationcontroller\debug\scbodycorekinematic.obj
c:\physx-3.3-master\physxsdk\source\compiler\vc14win64\x64\simulationcontroller\debug\scconstraintinteraction.obj
c:\physx-3.3-master\physxsdk\source\compiler\vc14win64\x64\simulationcontroller\debug\scelementsiminteraction.obj
c:\physx-3.3-master\physxsdk\source\compiler\vc14win64\x64\simulationcontroller\debug\scshapeinstancepairll.obj
c:\physx-3.3-master\physxsdk\source\compiler\vc14win64\x64\simulationcontroller\debug\scinteraction.obj
c:\physx-3.3-master\physxsdk\source\compiler\vc14win64\x64\simulationcontroller\debug\scclothcore.obj
c:\physx-3.3-master\physxsdk\source\compiler\vc14win64\x64\simulationcontroller\debug\scarticulationcore.obj
c:\physx-3.3-master\physxsdk\source\compiler\vc14win64\x64\simulationcontroller\debug\scbodycore.obj
c:\physx-3.3-master\physxsdk\source\compiler\vc14win64\x64\simulationcontroller\debug\sccoreinteraction.obj
c:\physx-3.3-master\physxsdk\source\compiler\vc14win64\x64\simulationcontroller\debug\scmetadata.obj
c:\physx-3.3-master\physxsdk\source\compiler\vc14win64\x64\simulationcontroller\debug\scshapecore.obj
c:\physx-3.3-master\physxsdk\source\compiler\vc14win64\x64\simulationcontroller\debug\scstaticsim.obj
c:\physx-3.3-master\physxsdk\source\compiler\vc14win64\x64\simulationcontroller\debug\scparticlebodyinteraction.obj
c:\physx-3.3-master\physxsdk\source\compiler\vc14win64\x64\simulationcontroller\debug\scactorsim.obj
c:\physx-3.3-master\physxsdk\source\compiler\vc14win64\x64\simulationcontroller\debug\scconstraintgroupnode.obj
c:\physx-3.3-master\physxsdk\source\compiler\vc14win64\x64\simulationcontroller\debug\scelementactorinteraction.obj
c:\physx-3.3-master\physxsdk\source\compiler\vc14win64\x64\simulationcontroller\debug\scmaterialcore.obj
c:\physx-3.3-master\physxsdk\source\compiler\vc14win64\x64\simulationcontroller\debug\scrigidcore.obj
c:\physx-3.3-master\physxsdk\source\compiler\vc14win64\x64\simulationcontroller\debug\scsimstats.obj
c:\physx-3.3-master\physxsdk\source\compiler\vc14win64\x64\simulationcontroller\debug\scstaticcore.obj
c:\physx-3.3-master\physxsdk\source\compiler\vc14win64\x64\simulationcontroller\debug\scelement.obj
c:\physx-3.3-master\physxsdk\source\compiler\vc14win64\x64\simulationcontroller\debug\scclothsim.obj
c:\physx-3.3-master\physxsdk\source\compiler\vc14win64\x64\simulationcontroller\debug\scbodysim.obj
c:\physx-3.3-master\physxsdk\source\compiler\vc14win64\x64\simulationcontroller\debug\scnphasecore.obj
c:\physx-3.3-master\physxsdk\source\compiler\vc14win64\x64\simulationcontroller\debug\scactor.obj
c:\physx-3.3-master\physxsdk\source\compiler\vc14win64\x64\simulationcontroller\debug\scclothfabriccore.obj
c:\physx-3.3-master\physxsdk\source\compiler\vc14win64\x64\simulationcontroller\debug\scclothshape.obj
c:\physx-3.3-master\physxsdk\source\compiler\vc14win64\x64\simulationcontroller\debug\scconstraintcore.obj
c:\physx-3.3-master\physxsdk\source\compiler\vc14win64\x64\simulationcontroller\debug\scconstraintsim.obj
c:\physx-3.3-master\physxsdk\source\compiler\vc14win64\x64\simulationcontroller\debug\scshapeiterator.obj
c:\physx-3.3-master\physxsdk\lib\vc14win64\simulationcontrollerdebug.pdb
c:\physx-3.3-master\physxsdk\lib\vc14win64\simulationcontrollerdebug.lib
c:\physx-3.3-master\physxsdk\source\compiler\vc14win64\./../../../lib/vc14win64\simulationcontrollerdebug.lib
c:\physx-3.3-master\physxsdk\source\compiler\vc14win64\x64\simulationcontroller\debug\simulati.49c560c2.tlog\cl.command.1.tlog
c:\physx-3.3-master\physxsdk\source\compiler\vc14win64\x64\simulationcontroller\debug\simulati.49c560c2.tlog\cl.read.1.tlog
c:\physx-3.3-master\physxsdk\source\compiler\vc14win64\x64\simulationcontroller\debug\simulati.49c560c2.tlog\cl.write.1.tlog
c:\physx-3.3-master\physxsdk\source\compiler\vc14win64\x64\simulationcontroller\debug\simulati.49c560c2.tlog\lib-link.read.1.tlog
c:\physx-3.3-master\physxsdk\source\compiler\vc14win64\x64\simulationcontroller\debug\simulati.49c560c2.tlog\lib-link.write.1.tlog
c:\physx-3.3-master\physxsdk\source\compiler\vc14win64\x64\simulationcontroller\debug\simulati.49c560c2.tlog\lib.command.1.tlog
