c:\physx-3.3-master\physxsdk\source\compiler\vc14win64\x64\physxvehicle\debug\pxvehiclemetadata.obj
c:\physx-3.3-master\physxsdk\source\compiler\vc14win64\x64\physxvehicle\debug\pxvehicletirefriction.obj
c:\physx-3.3-master\physxsdk\source\compiler\vc14win64\x64\physxvehicle\debug\pxvehicleautogeneratedmetadataobjects.obj
c:\physx-3.3-master\physxsdk\source\compiler\vc14win64\x64\physxvehicle\debug\pxvehicledrive.obj
c:\physx-3.3-master\physxsdk\source\compiler\vc14win64\x64\physxvehicle\debug\pxvehiclesuspwheeltire4.obj
c:\physx-3.3-master\physxsdk\source\compiler\vc14win64\x64\physxvehicle\debug\vehicleutiltelemetry.obj
c:\physx-3.3-master\physxsdk\source\compiler\vc14win64\x64\physxvehicle\debug\pxvehiclemetadataobjects.obj
c:\physx-3.3-master\physxsdk\source\compiler\vc14win64\x64\physxvehicle\debug\pxvehicledrive4w.obj
c:\physx-3.3-master\physxsdk\source\compiler\vc14win64\x64\physxvehicle\debug\vehicleutilsetup.obj
c:\physx-3.3-master\physxsdk\source\compiler\vc14win64\x64\physxvehicle\debug\pxvehiclesdk.obj
c:\physx-3.3-master\physxsdk\source\compiler\vc14win64\x64\physxvehicle\debug\pxvehiclenodrive.obj
c:\physx-3.3-master\physxsdk\source\compiler\vc14win64\x64\physxvehicle\debug\pxvehicleupdate.obj
c:\physx-3.3-master\physxsdk\source\compiler\vc14win64\x64\physxvehicle\debug\pxvehicledrivenw.obj
c:\physx-3.3-master\physxsdk\source\compiler\vc14win64\x64\physxvehicle\debug\vehicleutilcontrol.obj
c:\physx-3.3-master\physxsdk\source\compiler\vc14win64\x64\physxvehicle\debug\pxvehicledrivetank.obj
c:\physx-3.3-master\physxsdk\source\compiler\vc14win64\x64\physxvehicle\debug\pxvehiclewheels.obj
c:\physx-3.3-master\physxsdk\source\compiler\vc14win64\x64\physxvehicle\debug\pxvehiclecomponents.obj
c:\physx-3.3-master\physxsdk\source\compiler\vc14win64\x64\physxvehicle\debug\pxvehicleserialization.obj
c:\physx-3.3-master\physxsdk\lib\vc14win64\physx3vehicledebug.pdb
c:\physx-3.3-master\physxsdk\lib\vc14win64\physx3vehicledebug.lib
c:\physx-3.3-master\physxsdk\source\compiler\vc14win64\./../../../lib/vc14win64\physx3vehicledebug.lib
c:\physx-3.3-master\physxsdk\source\compiler\vc14win64\x64\physxvehicle\debug\physxvehicle.tlog\cl.command.1.tlog
c:\physx-3.3-master\physxsdk\source\compiler\vc14win64\x64\physxvehicle\debug\physxvehicle.tlog\cl.read.1.tlog
c:\physx-3.3-master\physxsdk\source\compiler\vc14win64\x64\physxvehicle\debug\physxvehicle.tlog\cl.write.1.tlog
c:\physx-3.3-master\physxsdk\source\compiler\vc14win64\x64\physxvehicle\debug\physxvehicle.tlog\lib-link.read.1.tlog
c:\physx-3.3-master\physxsdk\source\compiler\vc14win64\x64\physxvehicle\debug\physxvehicle.tlog\lib-link.write.1.tlog
c:\physx-3.3-master\physxsdk\source\compiler\vc14win64\x64\physxvehicle\debug\physxvehicle.tlog\lib.command.1.tlog
