  ParticleEmitter.cpp
  ParticleEmitterPressure.cpp
  ParticleEmitterRate.cpp
  ParticleFactory.cpp
  ParticleSystem.cpp
  RenderBaseActor.cpp
  RenderBaseObject.cpp
  RenderBoxActor.cpp
  RenderCapsuleActor.cpp
  RenderGridActor.cpp
  RenderMaterial.cpp
  RenderMeshActor.cpp
  RenderParticleSystemActor.cpp
  RenderSphereActor.cpp
  RenderTexture.cpp
  RenderClothActor.cpp
  RaycastCCD.cpp
  SampleCamera.cpp
  SampleCameraController.cpp
  SampleConsole.cpp
  SampleMain.cpp
  SampleStepper.cpp
  TestGroup.cpp
  PhysXSample.cpp
  PhysXSampleApplication.cpp
  InputEventBuffer.cpp
  SampleInputMappingAsset.cpp
  Picking.cpp
  RawLoader.cpp
  SampleAllocator.cpp
  SampleMouseFilter.cpp
  SampleRandomPrecomputed.cpp
  RenderPhysX3Debug.cpp
  wavefront.cpp
  SampleCharacterHelpers.cpp
  AcclaimLoader.cpp
  TestMotionGenerator.cpp
  TestGeometryHelpers.cpp
  TestClothHelpers.cpp
LINK : fatal error LNK1181: cannot open input file 'C:\CPSC585G3\middleware\PhysX-3.3-master\PhysXSDK\Samples\SampleFramework\platform\lib\vc14win64\SamplePlatform-MTDEBUG.lib'
